1649301687747	geckodriver	INFO	Listening on 127.0.0.1:59006
1649301690805	mozrunner::runner	INFO	Running command: "C:\\Program Files\\Mozilla Firefox\\firefox.exe" "--marionette" "--remote-debugging-port" "59007" "-no-remote" "-profile" "C:\\Users\\BALABH~1\\AppData\\Local\\Temp\\rust_mozprofilePmKpYc"
1649301691361	Marionette	INFO	Marionette enabled
console.warn: SearchSettings: "get: No settings file exists, new profile?" (new NotFoundError("Could not open the file at C:\\Users\\BALABH~1\\AppData\\Local\\Temp\\rust_mozprofilePmKpYc\\search.json.mozlz4", (void 0)))
DevTools listening on ws://localhost:59007/devtools/browser/9cad3a57-a795-4fd0-9eb8-a11f9ecfac21
1649301693714	Marionette	INFO	Listening on port 59012
1649301694039	RemoteAgent	WARN	TLS certificate errors will be ignored for this session
JavaScript warning: https://static.xx.fbcdn.net/rsrc.php/v3iX3c4/yg/l/en_GB/tNZbOVEkFcm.js?_nc_x=Ij3Wp8lg5Kz, line 20: WEBGL_debug_renderer_info is deprecated in Firefox and will be removed. Please use RENDERER.
console.warn: LoginRecipes: "getRecipes: falling back to a synchronous message for:" "https://www.facebook.com"
1649301718179	Marionette	INFO	Stopped listening on port 59012
console.warn: TopSitesFeed: Failed to fetch data from Contile server: NetworkError when attempting to fetch resource.
1649301728968	geckodriver	INFO	Listening on 127.0.0.1:59072
1649301732085	mozrunner::runner	INFO	Running command: "C:\\Program Files\\Mozilla Firefox\\firefox.exe" "--marionette" "--remote-debugging-port" "59073" "-no-remote" "-profile" "C:\\Users\\BALABH~1\\AppData\\Local\\Temp\\rust_mozprofilekG5nj6"
1649301732529	Marionette	INFO	Marionette enabled
console.warn: SearchSettings: "get: No settings file exists, new profile?" (new NotFoundError("Could not open the file at C:\\Users\\BALABH~1\\AppData\\Local\\Temp\\rust_mozprofilekG5nj6\\search.json.mozlz4", (void 0)))
DevTools listening on ws://localhost:59073/devtools/browser/42f65184-c51d-4edf-b342-5d5ba5137add
1649301734835	Marionette	INFO	Listening on port 59078
1649301735272	RemoteAgent	WARN	TLS certificate errors will be ignored for this session
1649301738343	Marionette	INFO	Stopped listening on port 59078
console.warn: TopSitesFeed: Failed to fetch data from Contile server: NetworkError when attempting to fetch resource.
